[0.771s] Invoking command in '/home/hachem22/ros2_ws/src/my_robot_controller/build/my_robot_controller': PYTHONPATH=/home/hachem22/ros2_ws/src/my_robot_controller/build/my_robot_controller/prefix_override:/usr/lib/python3/dist-packages/colcon_core/task/python/colcon_distutils_commands:/home/hachem22/ros2_ws/src/my_robot_controller/install/my_robot_controller/lib/python3.10/site-packages:${PYTHONPATH} /usr/bin/python3 -W ignore:setup.py install is deprecated -W ignore:easy_install command is deprecated setup.py develop --editable --build-directory /home/hachem22/ros2_ws/src/my_robot_controller/build/my_robot_controller/build --no-deps symlink_data
[1.076s] running develop
[1.284s] running egg_info
[1.284s] writing my_robot_controller.egg-info/PKG-INFO
[1.284s] writing dependency_links to my_robot_controller.egg-info/dependency_links.txt
[1.284s] writing entry points to my_robot_controller.egg-info/entry_points.txt
[1.285s] writing requirements to my_robot_controller.egg-info/requires.txt
[1.285s] writing top-level names to my_robot_controller.egg-info/top_level.txt
[1.287s] reading manifest file 'my_robot_controller.egg-info/SOURCES.txt'
[1.288s] writing manifest file 'my_robot_controller.egg-info/SOURCES.txt'
[1.289s] running build_ext
[1.289s] Creating /home/hachem22/ros2_ws/src/my_robot_controller/install/my_robot_controller/lib/python3.10/site-packages/my-robot-controller.egg-link (link to .)
[1.290s] Installing draw_circle script to /home/hachem22/ros2_ws/src/my_robot_controller/install/my_robot_controller/lib/my_robot_controller
[1.290s] Installing pose_subscriber script to /home/hachem22/ros2_ws/src/my_robot_controller/install/my_robot_controller/lib/my_robot_controller
[1.291s] Installing test_node script to /home/hachem22/ros2_ws/src/my_robot_controller/install/my_robot_controller/lib/my_robot_controller
[1.292s] Installing turtle_controller script to /home/hachem22/ros2_ws/src/my_robot_controller/install/my_robot_controller/lib/my_robot_controller
[1.292s] 
[1.292s] Installed /home/hachem22/ros2_ws/src/my_robot_controller/build/my_robot_controller
[1.292s] running symlink_data
[1.326s] Invoked command in '/home/hachem22/ros2_ws/src/my_robot_controller/build/my_robot_controller' returned '0': PYTHONPATH=/home/hachem22/ros2_ws/src/my_robot_controller/build/my_robot_controller/prefix_override:/usr/lib/python3/dist-packages/colcon_core/task/python/colcon_distutils_commands:/home/hachem22/ros2_ws/src/my_robot_controller/install/my_robot_controller/lib/python3.10/site-packages:${PYTHONPATH} /usr/bin/python3 -W ignore:setup.py install is deprecated -W ignore:easy_install command is deprecated setup.py develop --editable --build-directory /home/hachem22/ros2_ws/src/my_robot_controller/build/my_robot_controller/build --no-deps symlink_data
