[0.564s] DEBUG:colcon:Command line arguments: ['/usr/bin/colcon', 'build', '--symlink-install']
[0.565s] DEBUG:colcon:Parsed command line arguments: Namespace(log_base=None, log_level=None, verb_name='build', build_base='build', install_base='install', merge_install=False, symlink_install=True, test_result_base=None, continue_on_error=False, executor='parallel', parallel_workers=8, event_handlers=None, ignore_user_meta=False, metas=['./colcon.meta'], base_paths=['.'], packages_ignore=None, packages_ignore_regex=None, paths=None, packages_up_to=None, packages_up_to_regex=None, packages_above=None, packages_above_and_dependencies=None, packages_above_depth=None, packages_select_by_dep=None, packages_skip_by_dep=None, packages_skip_up_to=None, packages_select_build_failed=False, packages_skip_build_finished=False, packages_select_test_failures=False, packages_skip_test_passed=False, packages_select=None, packages_skip=None, packages_select_regex=None, packages_skip_regex=None, packages_start=None, packages_end=None, allow_overriding=[], cmake_args=None, cmake_target=None, cmake_target_skip_unavailable=False, cmake_clean_cache=False, cmake_clean_first=False, cmake_force_configure=False, ament_cmake_args=None, catkin_cmake_args=None, catkin_skip_building_tests=False, verb_parser=<colcon_defaults.argument_parser.defaults.DefaultArgumentsDecorator object at 0x7f818dd1b9a0>, verb_extension=<colcon_core.verb.build.BuildVerb object at 0x7f818ded4ca0>, main=<bound method BuildVerb.main of <colcon_core.verb.build.BuildVerb object at 0x7f818ded4ca0>>)
[1.272s] Level 1:colcon.colcon_core.package_discovery:discover_packages(colcon_meta) check parameters
[1.273s] Level 1:colcon.colcon_core.package_discovery:discover_packages(recursive) check parameters
[1.273s] Level 1:colcon.colcon_core.package_discovery:discover_packages(ignore) check parameters
[1.273s] Level 1:colcon.colcon_core.package_discovery:discover_packages(path) check parameters
[1.273s] Level 1:colcon.colcon_core.package_discovery:discover_packages(colcon_meta) discover
[1.273s] Level 1:colcon.colcon_core.package_discovery:discover_packages(recursive) discover
[1.273s] INFO:colcon.colcon_core.package_discovery:Crawling recursively for packages in '/home/hachem22/ros2_ws/src/my_robot_controller'
[1.273s] Level 1:colcon.colcon_core.package_identification:_identify(.) by extensions ['ignore', 'ignore_ament_install']
[1.273s] Level 1:colcon.colcon_core.package_identification:_identify(.) by extension 'ignore'
[1.273s] Level 1:colcon.colcon_core.package_identification:_identify(.) by extension 'ignore_ament_install'
[1.273s] Level 1:colcon.colcon_core.package_identification:_identify(.) by extensions ['colcon_pkg']
[1.273s] Level 1:colcon.colcon_core.package_identification:_identify(.) by extension 'colcon_pkg'
[1.273s] Level 1:colcon.colcon_core.package_identification:_identify(.) by extensions ['colcon_meta']
[1.273s] Level 1:colcon.colcon_core.package_identification:_identify(.) by extension 'colcon_meta'
[1.273s] Level 1:colcon.colcon_core.package_identification:_identify(.) by extensions ['ros']
[1.273s] Level 1:colcon.colcon_core.package_identification:_identify(.) by extension 'ros'
[1.304s] DEBUG:colcon.colcon_core.package_identification:Package '.' with type 'ros.ament_python' and name 'my_robot_controller'
[1.304s] Level 1:colcon.colcon_core.package_discovery:discover_packages(recursive) using defaults
[1.304s] Level 1:colcon.colcon_core.package_discovery:discover_packages(ignore) discover
[1.304s] Level 1:colcon.colcon_core.package_discovery:discover_packages(ignore) using defaults
[1.305s] Level 1:colcon.colcon_core.package_discovery:discover_packages(path) discover
[1.305s] Level 1:colcon.colcon_core.package_discovery:discover_packages(path) using defaults
[1.372s] Level 1:colcon.colcon_core.package_discovery:discover_packages(prefix_path) check parameters
[1.372s] Level 1:colcon.colcon_core.package_discovery:discover_packages(prefix_path) discover
[1.383s] DEBUG:colcon.colcon_installed_package_information.package_discovery:Found 1 installed packages in /home/hachem22/ros2_ws/install
[1.385s] DEBUG:colcon.colcon_installed_package_information.package_discovery:Found 295 installed packages in /opt/ros/humble
[1.398s] Level 1:colcon.colcon_core.package_discovery:discover_packages(prefix_path) using defaults
[1.451s] Level 5:colcon.colcon_core.verb:set package 'my_robot_controller' build argument 'cmake_args' from command line to 'None'
[1.451s] Level 5:colcon.colcon_core.verb:set package 'my_robot_controller' build argument 'cmake_target' from command line to 'None'
[1.451s] Level 5:colcon.colcon_core.verb:set package 'my_robot_controller' build argument 'cmake_target_skip_unavailable' from command line to 'False'
[1.451s] Level 5:colcon.colcon_core.verb:set package 'my_robot_controller' build argument 'cmake_clean_cache' from command line to 'False'
[1.451s] Level 5:colcon.colcon_core.verb:set package 'my_robot_controller' build argument 'cmake_clean_first' from command line to 'False'
[1.452s] Level 5:colcon.colcon_core.verb:set package 'my_robot_controller' build argument 'cmake_force_configure' from command line to 'False'
[1.452s] Level 5:colcon.colcon_core.verb:set package 'my_robot_controller' build argument 'ament_cmake_args' from command line to 'None'
[1.452s] Level 5:colcon.colcon_core.verb:set package 'my_robot_controller' build argument 'catkin_cmake_args' from command line to 'None'
[1.452s] Level 5:colcon.colcon_core.verb:set package 'my_robot_controller' build argument 'catkin_skip_building_tests' from command line to 'False'
[1.452s] DEBUG:colcon.colcon_core.verb:Building package 'my_robot_controller' with the following arguments: {'ament_cmake_args': None, 'build_base': '/home/hachem22/ros2_ws/src/my_robot_controller/build/my_robot_controller', 'catkin_cmake_args': None, 'catkin_skip_building_tests': False, 'cmake_args': None, 'cmake_clean_cache': False, 'cmake_clean_first': False, 'cmake_force_configure': False, 'cmake_target': None, 'cmake_target_skip_unavailable': False, 'install_base': '/home/hachem22/ros2_ws/src/my_robot_controller/install/my_robot_controller', 'merge_install': False, 'path': '/home/hachem22/ros2_ws/src/my_robot_controller', 'symlink_install': True, 'test_result_base': None}
[1.452s] INFO:colcon.colcon_core.executor:Executing jobs using 'parallel' executor
[1.456s] DEBUG:colcon.colcon_parallel_executor.executor.parallel:run_until_complete
[1.456s] INFO:colcon.colcon_ros.task.ament_python.build:Building ROS package in '/home/hachem22/ros2_ws/src/my_robot_controller' with build type 'ament_python'
[1.456s] Level 1:colcon.colcon_core.shell:create_environment_hook('my_robot_controller', 'ament_prefix_path')
[1.473s] INFO:colcon.colcon_core.plugin_system:Skipping extension 'colcon_core.shell.bat': Not used on non-Windows systems
[1.473s] INFO:colcon.colcon_core.shell:Creating environment hook '/home/hachem22/ros2_ws/src/my_robot_controller/install/my_robot_controller/share/my_robot_controller/hook/ament_prefix_path.ps1'
[1.478s] INFO:colcon.colcon_core.shell:Creating environment descriptor '/home/hachem22/ros2_ws/src/my_robot_controller/install/my_robot_controller/share/my_robot_controller/hook/ament_prefix_path.dsv'
[1.480s] INFO:colcon.colcon_core.shell:Creating environment hook '/home/hachem22/ros2_ws/src/my_robot_controller/install/my_robot_controller/share/my_robot_controller/hook/ament_prefix_path.sh'
[1.482s] INFO:colcon.colcon_core.shell:Skip shell extension 'powershell' for command environment: Not usable outside of PowerShell
[1.482s] DEBUG:colcon.colcon_core.shell:Skip shell extension 'dsv' for command environment
[1.816s] INFO:colcon.colcon_core.task.python.build:Building Python package in '/home/hachem22/ros2_ws/src/my_robot_controller'
[1.817s] INFO:colcon.colcon_core.shell:Skip shell extension 'powershell' for command environment: Not usable outside of PowerShell
[1.817s] DEBUG:colcon.colcon_core.shell:Skip shell extension 'dsv' for command environment
[2.723s] DEBUG:colcon.colcon_core.event_handler.log_command:Invoking command in '/home/hachem22/ros2_ws/src/my_robot_controller/build/my_robot_controller': PYTHONPATH=/home/hachem22/ros2_ws/src/my_robot_controller/build/my_robot_controller/prefix_override:/usr/lib/python3/dist-packages/colcon_core/task/python/colcon_distutils_commands:/home/hachem22/ros2_ws/src/my_robot_controller/install/my_robot_controller/lib/python3.10/site-packages:${PYTHONPATH} /usr/bin/python3 -W ignore:setup.py install is deprecated -W ignore:easy_install command is deprecated setup.py develop --editable --build-directory /home/hachem22/ros2_ws/src/my_robot_controller/build/my_robot_controller/build --no-deps symlink_data
[3.328s] Level 1:colcon.colcon_core.shell:create_environment_hook('my_robot_controller', 'pythonpath_develop')
[3.328s] DEBUG:colcon.colcon_core.event_handler.log_command:Invoked command in '/home/hachem22/ros2_ws/src/my_robot_controller/build/my_robot_controller' returned '0': PYTHONPATH=/home/hachem22/ros2_ws/src/my_robot_controller/build/my_robot_controller/prefix_override:/usr/lib/python3/dist-packages/colcon_core/task/python/colcon_distutils_commands:/home/hachem22/ros2_ws/src/my_robot_controller/install/my_robot_controller/lib/python3.10/site-packages:${PYTHONPATH} /usr/bin/python3 -W ignore:setup.py install is deprecated -W ignore:easy_install command is deprecated setup.py develop --editable --build-directory /home/hachem22/ros2_ws/src/my_robot_controller/build/my_robot_controller/build --no-deps symlink_data
[3.329s] INFO:colcon.colcon_core.shell:Creating environment hook '/home/hachem22/ros2_ws/src/my_robot_controller/build/my_robot_controller/share/my_robot_controller/hook/pythonpath_develop.ps1'
[3.330s] INFO:colcon.colcon_core.shell:Creating environment descriptor '/home/hachem22/ros2_ws/src/my_robot_controller/build/my_robot_controller/share/my_robot_controller/hook/pythonpath_develop.dsv'
[3.331s] INFO:colcon.colcon_core.shell:Creating environment hook '/home/hachem22/ros2_ws/src/my_robot_controller/build/my_robot_controller/share/my_robot_controller/hook/pythonpath_develop.sh'
[3.352s] Level 1:colcon.colcon_core.environment:checking '/home/hachem22/ros2_ws/src/my_robot_controller/install/my_robot_controller' for CMake module files
[3.352s] Level 1:colcon.colcon_core.environment:checking '/home/hachem22/ros2_ws/src/my_robot_controller/install/my_robot_controller' for CMake config files
[3.353s] Level 1:colcon.colcon_core.environment:checking '/home/hachem22/ros2_ws/src/my_robot_controller/install/my_robot_controller/lib'
[3.353s] Level 1:colcon.colcon_core.environment:checking '/home/hachem22/ros2_ws/src/my_robot_controller/install/my_robot_controller/bin'
[3.353s] Level 1:colcon.colcon_core.environment:checking '/home/hachem22/ros2_ws/src/my_robot_controller/install/my_robot_controller/lib/pkgconfig/my_robot_controller.pc'
[3.353s] Level 1:colcon.colcon_core.environment:checking '/home/hachem22/ros2_ws/src/my_robot_controller/install/my_robot_controller/lib/python3.10/site-packages'
[3.353s] Level 1:colcon.colcon_core.shell:create_environment_hook('my_robot_controller', 'pythonpath')
[3.354s] INFO:colcon.colcon_core.shell:Creating environment hook '/home/hachem22/ros2_ws/src/my_robot_controller/install/my_robot_controller/share/my_robot_controller/hook/pythonpath.ps1'
[3.354s] INFO:colcon.colcon_core.shell:Creating environment descriptor '/home/hachem22/ros2_ws/src/my_robot_controller/install/my_robot_controller/share/my_robot_controller/hook/pythonpath.dsv'
[3.355s] INFO:colcon.colcon_core.shell:Creating environment hook '/home/hachem22/ros2_ws/src/my_robot_controller/install/my_robot_controller/share/my_robot_controller/hook/pythonpath.sh'
[3.356s] Level 1:colcon.colcon_core.environment:checking '/home/hachem22/ros2_ws/src/my_robot_controller/install/my_robot_controller/bin'
[3.356s] Level 1:colcon.colcon_core.environment:create_environment_scripts_only(my_robot_controller)
[3.356s] INFO:colcon.colcon_core.shell:Creating package script '/home/hachem22/ros2_ws/src/my_robot_controller/install/my_robot_controller/share/my_robot_controller/package.ps1'
[3.358s] INFO:colcon.colcon_core.shell:Creating package descriptor '/home/hachem22/ros2_ws/src/my_robot_controller/install/my_robot_controller/share/my_robot_controller/package.dsv'
[3.359s] INFO:colcon.colcon_core.shell:Creating package script '/home/hachem22/ros2_ws/src/my_robot_controller/install/my_robot_controller/share/my_robot_controller/package.sh'
[3.361s] INFO:colcon.colcon_core.shell:Creating package script '/home/hachem22/ros2_ws/src/my_robot_controller/install/my_robot_controller/share/my_robot_controller/package.bash'
[3.364s] INFO:colcon.colcon_core.shell:Creating package script '/home/hachem22/ros2_ws/src/my_robot_controller/install/my_robot_controller/share/my_robot_controller/package.zsh'
[3.366s] Level 1:colcon.colcon_core.environment:create_file_with_runtime_dependencies(/home/hachem22/ros2_ws/src/my_robot_controller/install/my_robot_controller/share/colcon-core/packages/my_robot_controller)
[3.369s] DEBUG:colcon.colcon_parallel_executor.executor.parallel:closing loop
[3.369s] DEBUG:colcon.colcon_parallel_executor.executor.parallel:loop closed
[3.370s] DEBUG:colcon.colcon_parallel_executor.executor.parallel:run_until_complete finished with '0'
[3.370s] DEBUG:colcon.colcon_core.event_reactor:joining thread
[3.493s] INFO:colcon.colcon_core.plugin_system:Skipping extension 'colcon_notification.desktop_notification.notify_send': Could not find 'notify-send'
[3.493s] INFO:colcon.colcon_core.plugin_system:Skipping extension 'colcon_notification.desktop_notification.terminal_notifier': Not used on non-Darwin systems
[3.493s] INFO:colcon.colcon_core.plugin_system:Skipping extension 'colcon_notification.desktop_notification.win32': Not used on non-Windows systems
[3.494s] INFO:colcon.colcon_notification.desktop_notification:Sending desktop notification using 'notify2'
[3.505s] DEBUG:colcon.colcon_notification.desktop_notification.notify2:Failed to initialize notify2: org.freedesktop.DBus.Error.ServiceUnknown: The name org.freedesktop.Notifications was not provided by any .service files
[3.505s] DEBUG:colcon.colcon_core.event_reactor:joined thread
[3.505s] INFO:colcon.colcon_core.shell:Creating prefix script '/home/hachem22/ros2_ws/src/my_robot_controller/install/local_setup.ps1'
[3.508s] INFO:colcon.colcon_core.shell:Creating prefix util module '/home/hachem22/ros2_ws/src/my_robot_controller/install/_local_setup_util_ps1.py'
[3.510s] INFO:colcon.colcon_core.shell:Creating prefix chain script '/home/hachem22/ros2_ws/src/my_robot_controller/install/setup.ps1'
[3.513s] INFO:colcon.colcon_core.shell:Creating prefix script '/home/hachem22/ros2_ws/src/my_robot_controller/install/local_setup.sh'
[3.515s] INFO:colcon.colcon_core.shell:Creating prefix util module '/home/hachem22/ros2_ws/src/my_robot_controller/install/_local_setup_util_sh.py'
[3.517s] INFO:colcon.colcon_core.shell:Creating prefix chain script '/home/hachem22/ros2_ws/src/my_robot_controller/install/setup.sh'
[3.519s] INFO:colcon.colcon_core.shell:Creating prefix script '/home/hachem22/ros2_ws/src/my_robot_controller/install/local_setup.bash'
[3.521s] INFO:colcon.colcon_core.shell:Creating prefix chain script '/home/hachem22/ros2_ws/src/my_robot_controller/install/setup.bash'
[3.523s] INFO:colcon.colcon_core.shell:Creating prefix script '/home/hachem22/ros2_ws/src/my_robot_controller/install/local_setup.zsh'
[3.525s] INFO:colcon.colcon_core.shell:Creating prefix chain script '/home/hachem22/ros2_ws/src/my_robot_controller/install/setup.zsh'
