[1.265s] Invoking command in '/home/hachem22/ros2_ws/src/my_robot_controller/build/my_robot_controller': PYTHONPATH=/home/hachem22/ros2_ws/src/my_robot_controller/build/my_robot_controller/prefix_override:/usr/lib/python3/dist-packages/colcon_core/task/python/colcon_distutils_commands:/home/hachem22/ros2_ws/src/my_robot_controller/install/my_robot_controller/lib/python3.10/site-packages:${PYTHONPATH} /usr/bin/python3 -W ignore:setup.py install is deprecated -W ignore:easy_install command is deprecated setup.py develop --editable --build-directory /home/hachem22/ros2_ws/src/my_robot_controller/build/my_robot_controller/build --no-deps symlink_data
[1.594s] running develop
[1.810s] running egg_info
[1.811s] creating my_robot_controller.egg-info
[1.811s] writing my_robot_controller.egg-info/PKG-INFO
[1.811s] writing dependency_links to my_robot_controller.egg-info/dependency_links.txt
[1.812s] writing entry points to my_robot_controller.egg-info/entry_points.txt
[1.812s] writing requirements to my_robot_controller.egg-info/requires.txt
[1.812s] writing top-level names to my_robot_controller.egg-info/top_level.txt
[1.813s] writing manifest file 'my_robot_controller.egg-info/SOURCES.txt'
[1.818s] reading manifest file 'my_robot_controller.egg-info/SOURCES.txt'
[1.819s] writing manifest file 'my_robot_controller.egg-info/SOURCES.txt'
[1.822s] running build_ext
[1.823s] Creating /home/hachem22/ros2_ws/src/my_robot_controller/install/my_robot_controller/lib/python3.10/site-packages/my-robot-controller.egg-link (link to .)
[1.824s] Installing draw_circle script to /home/hachem22/ros2_ws/src/my_robot_controller/install/my_robot_controller/lib/my_robot_controller
[1.825s] Installing pose_subscriber script to /home/hachem22/ros2_ws/src/my_robot_controller/install/my_robot_controller/lib/my_robot_controller
[1.826s] Installing test_node script to /home/hachem22/ros2_ws/src/my_robot_controller/install/my_robot_controller/lib/my_robot_controller
[1.826s] Installing turtle_controller script to /home/hachem22/ros2_ws/src/my_robot_controller/install/my_robot_controller/lib/my_robot_controller
[1.827s] 
[1.828s] Installed /home/hachem22/ros2_ws/src/my_robot_controller/build/my_robot_controller
[1.829s] running symlink_data
[1.830s] creating /home/hachem22/ros2_ws/src/my_robot_controller/install/my_robot_controller/share/ament_index
[1.830s] creating /home/hachem22/ros2_ws/src/my_robot_controller/install/my_robot_controller/share/ament_index/resource_index
[1.832s] creating /home/hachem22/ros2_ws/src/my_robot_controller/install/my_robot_controller/share/ament_index/resource_index/packages
[1.835s] symbolically linking /home/hachem22/ros2_ws/src/my_robot_controller/build/my_robot_controller/resource/my_robot_controller -> /home/hachem22/ros2_ws/src/my_robot_controller/install/my_robot_controller/share/ament_index/resource_index/packages
[1.835s] symbolically linking /home/hachem22/ros2_ws/src/my_robot_controller/build/my_robot_controller/package.xml -> /home/hachem22/ros2_ws/src/my_robot_controller/install/my_robot_controller/share/my_robot_controller
[1.872s] Invoked command in '/home/hachem22/ros2_ws/src/my_robot_controller/build/my_robot_controller' returned '0': PYTHONPATH=/home/hachem22/ros2_ws/src/my_robot_controller/build/my_robot_controller/prefix_override:/usr/lib/python3/dist-packages/colcon_core/task/python/colcon_distutils_commands:/home/hachem22/ros2_ws/src/my_robot_controller/install/my_robot_controller/lib/python3.10/site-packages:${PYTHONPATH} /usr/bin/python3 -W ignore:setup.py install is deprecated -W ignore:easy_install command is deprecated setup.py develop --editable --build-directory /home/hachem22/ros2_ws/src/my_robot_controller/build/my_robot_controller/build --no-deps symlink_data
