[0.710s] Invoking command in '/home/hachem22/ros2_ws/src/my_robot_controller/build/my_robot_controller': PYTHONPATH=/home/hachem22/ros2_ws/src/my_robot_controller/build/my_robot_controller/prefix_override:/usr/lib/python3/dist-packages/colcon_core/task/python/colcon_distutils_commands:/home/hachem22/ros2_ws/src/my_robot_controller/install/my_robot_controller/lib/python3.10/site-packages:${PYTHONPATH} /usr/bin/python3 -W ignore:setup.py install is deprecated -W ignore:easy_install command is deprecated setup.py develop --editable --build-directory /home/hachem22/ros2_ws/src/my_robot_controller/build/my_robot_controller/build --no-deps symlink_data
[1.006s] running develop
[1.186s] running egg_info
[1.187s] writing my_robot_controller.egg-info/PKG-INFO
[1.187s] writing dependency_links to my_robot_controller.egg-info/dependency_links.txt
[1.187s] writing entry points to my_robot_controller.egg-info/entry_points.txt
[1.188s] writing requirements to my_robot_controller.egg-info/requires.txt
[1.188s] writing top-level names to my_robot_controller.egg-info/top_level.txt
[1.190s] reading manifest file 'my_robot_controller.egg-info/SOURCES.txt'
[1.191s] writing manifest file 'my_robot_controller.egg-info/SOURCES.txt'
[1.193s] running build_ext
[1.193s] Creating /home/hachem22/ros2_ws/src/my_robot_controller/install/my_robot_controller/lib/python3.10/site-packages/my-robot-controller.egg-link (link to .)
[1.194s] Installing draw_circle script to /home/hachem22/ros2_ws/src/my_robot_controller/install/my_robot_controller/lib/my_robot_controller
[1.194s] Installing pose_subscriber script to /home/hachem22/ros2_ws/src/my_robot_controller/install/my_robot_controller/lib/my_robot_controller
[1.195s] Installing test_node script to /home/hachem22/ros2_ws/src/my_robot_controller/install/my_robot_controller/lib/my_robot_controller
[1.195s] Installing turtle_controller script to /home/hachem22/ros2_ws/src/my_robot_controller/install/my_robot_controller/lib/my_robot_controller
[1.195s] 
[1.195s] Installed /home/hachem22/ros2_ws/src/my_robot_controller/build/my_robot_controller
[1.195s] running symlink_data
[1.227s] Invoked command in '/home/hachem22/ros2_ws/src/my_robot_controller/build/my_robot_controller' returned '0': PYTHONPATH=/home/hachem22/ros2_ws/src/my_robot_controller/build/my_robot_controller/prefix_override:/usr/lib/python3/dist-packages/colcon_core/task/python/colcon_distutils_commands:/home/hachem22/ros2_ws/src/my_robot_controller/install/my_robot_controller/lib/python3.10/site-packages:${PYTHONPATH} /usr/bin/python3 -W ignore:setup.py install is deprecated -W ignore:easy_install command is deprecated setup.py develop --editable --build-directory /home/hachem22/ros2_ws/src/my_robot_controller/build/my_robot_controller/build --no-deps symlink_data
