[0.425s] DEBUG:colcon:Command line arguments: ['/usr/bin/colcon', 'build', '--symlink-install']
[0.425s] DEBUG:colcon:Parsed command line arguments: Namespace(log_base=None, log_level=None, verb_name='build', build_base='build', install_base='install', merge_install=False, symlink_install=True, test_result_base=None, continue_on_error=False, executor='parallel', parallel_workers=8, event_handlers=None, ignore_user_meta=False, metas=['./colcon.meta'], base_paths=['.'], packages_ignore=None, packages_ignore_regex=None, paths=None, packages_up_to=None, packages_up_to_regex=None, packages_above=None, packages_above_and_dependencies=None, packages_above_depth=None, packages_select_by_dep=None, packages_skip_by_dep=None, packages_skip_up_to=None, packages_select_build_failed=False, packages_skip_build_finished=False, packages_select_test_failures=False, packages_skip_test_passed=False, packages_select=None, packages_skip=None, packages_select_regex=None, packages_skip_regex=None, packages_start=None, packages_end=None, allow_overriding=[], cmake_args=None, cmake_target=None, cmake_target_skip_unavailable=False, cmake_clean_cache=False, cmake_clean_first=False, cmake_force_configure=False, ament_cmake_args=None, catkin_cmake_args=None, catkin_skip_building_tests=False, verb_parser=<colcon_defaults.argument_parser.defaults.DefaultArgumentsDecorator object at 0x7fbb026af9a0>, verb_extension=<colcon_core.verb.build.BuildVerb object at 0x7fbb02868ca0>, main=<bound method BuildVerb.main of <colcon_core.verb.build.BuildVerb object at 0x7fbb02868ca0>>)
[0.716s] Level 1:colcon.colcon_core.package_discovery:discover_packages(colcon_meta) check parameters
[0.716s] Level 1:colcon.colcon_core.package_discovery:discover_packages(recursive) check parameters
[0.717s] Level 1:colcon.colcon_core.package_discovery:discover_packages(ignore) check parameters
[0.717s] Level 1:colcon.colcon_core.package_discovery:discover_packages(path) check parameters
[0.717s] Level 1:colcon.colcon_core.package_discovery:discover_packages(colcon_meta) discover
[0.717s] Level 1:colcon.colcon_core.package_discovery:discover_packages(recursive) discover
[0.717s] INFO:colcon.colcon_core.package_discovery:Crawling recursively for packages in '/home/hachem22/ros2_ws/src/my_robot_controller'
[0.717s] Level 1:colcon.colcon_core.package_identification:_identify(.) by extensions ['ignore', 'ignore_ament_install']
[0.717s] Level 1:colcon.colcon_core.package_identification:_identify(.) by extension 'ignore'
[0.717s] Level 1:colcon.colcon_core.package_identification:_identify(.) by extension 'ignore_ament_install'
[0.717s] Level 1:colcon.colcon_core.package_identification:_identify(.) by extensions ['colcon_pkg']
[0.717s] Level 1:colcon.colcon_core.package_identification:_identify(.) by extension 'colcon_pkg'
[0.717s] Level 1:colcon.colcon_core.package_identification:_identify(.) by extensions ['colcon_meta']
[0.717s] Level 1:colcon.colcon_core.package_identification:_identify(.) by extension 'colcon_meta'
[0.717s] Level 1:colcon.colcon_core.package_identification:_identify(.) by extensions ['ros']
[0.717s] Level 1:colcon.colcon_core.package_identification:_identify(.) by extension 'ros'
[0.760s] DEBUG:colcon.colcon_core.package_identification:Package '.' with type 'ros.ament_python' and name 'my_robot_controller'
[0.760s] Level 1:colcon.colcon_core.package_discovery:discover_packages(recursive) using defaults
[0.760s] Level 1:colcon.colcon_core.package_discovery:discover_packages(ignore) discover
[0.760s] Level 1:colcon.colcon_core.package_discovery:discover_packages(ignore) using defaults
[0.760s] Level 1:colcon.colcon_core.package_discovery:discover_packages(path) discover
[0.760s] Level 1:colcon.colcon_core.package_discovery:discover_packages(path) using defaults
[0.807s] Level 1:colcon.colcon_core.package_discovery:discover_packages(prefix_path) check parameters
[0.808s] Level 1:colcon.colcon_core.package_discovery:discover_packages(prefix_path) discover
[0.811s] DEBUG:colcon.colcon_installed_package_information.package_discovery:Found 1 installed packages in /home/hachem22/ros2_ws/install
[0.814s] DEBUG:colcon.colcon_installed_package_information.package_discovery:Found 295 installed packages in /opt/ros/humble
[0.830s] Level 1:colcon.colcon_core.package_discovery:discover_packages(prefix_path) using defaults
[0.897s] Level 5:colcon.colcon_core.verb:set package 'my_robot_controller' build argument 'cmake_args' from command line to 'None'
[0.897s] Level 5:colcon.colcon_core.verb:set package 'my_robot_controller' build argument 'cmake_target' from command line to 'None'
[0.897s] Level 5:colcon.colcon_core.verb:set package 'my_robot_controller' build argument 'cmake_target_skip_unavailable' from command line to 'False'
[0.897s] Level 5:colcon.colcon_core.verb:set package 'my_robot_controller' build argument 'cmake_clean_cache' from command line to 'False'
[0.897s] Level 5:colcon.colcon_core.verb:set package 'my_robot_controller' build argument 'cmake_clean_first' from command line to 'False'
[0.897s] Level 5:colcon.colcon_core.verb:set package 'my_robot_controller' build argument 'cmake_force_configure' from command line to 'False'
[0.897s] Level 5:colcon.colcon_core.verb:set package 'my_robot_controller' build argument 'ament_cmake_args' from command line to 'None'
[0.897s] Level 5:colcon.colcon_core.verb:set package 'my_robot_controller' build argument 'catkin_cmake_args' from command line to 'None'
[0.897s] Level 5:colcon.colcon_core.verb:set package 'my_robot_controller' build argument 'catkin_skip_building_tests' from command line to 'False'
[0.898s] DEBUG:colcon.colcon_core.verb:Building package 'my_robot_controller' with the following arguments: {'ament_cmake_args': None, 'build_base': '/home/hachem22/ros2_ws/src/my_robot_controller/build/my_robot_controller', 'catkin_cmake_args': None, 'catkin_skip_building_tests': False, 'cmake_args': None, 'cmake_clean_cache': False, 'cmake_clean_first': False, 'cmake_force_configure': False, 'cmake_target': None, 'cmake_target_skip_unavailable': False, 'install_base': '/home/hachem22/ros2_ws/src/my_robot_controller/install/my_robot_controller', 'merge_install': False, 'path': '/home/hachem22/ros2_ws/src/my_robot_controller', 'symlink_install': True, 'test_result_base': None}
[0.898s] INFO:colcon.colcon_core.executor:Executing jobs using 'parallel' executor
[0.899s] DEBUG:colcon.colcon_parallel_executor.executor.parallel:run_until_complete
[0.899s] INFO:colcon.colcon_ros.task.ament_python.build:Building ROS package in '/home/hachem22/ros2_ws/src/my_robot_controller' with build type 'ament_python'
[0.899s] Level 1:colcon.colcon_core.shell:create_environment_hook('my_robot_controller', 'ament_prefix_path')
[0.903s] INFO:colcon.colcon_core.plugin_system:Skipping extension 'colcon_core.shell.bat': Not used on non-Windows systems
[0.904s] INFO:colcon.colcon_core.shell:Creating environment hook '/home/hachem22/ros2_ws/src/my_robot_controller/install/my_robot_controller/share/my_robot_controller/hook/ament_prefix_path.ps1'
[0.905s] INFO:colcon.colcon_core.shell:Creating environment descriptor '/home/hachem22/ros2_ws/src/my_robot_controller/install/my_robot_controller/share/my_robot_controller/hook/ament_prefix_path.dsv'
[0.906s] INFO:colcon.colcon_core.shell:Creating environment hook '/home/hachem22/ros2_ws/src/my_robot_controller/install/my_robot_controller/share/my_robot_controller/hook/ament_prefix_path.sh'
[0.907s] INFO:colcon.colcon_core.shell:Skip shell extension 'powershell' for command environment: Not usable outside of PowerShell
[0.907s] DEBUG:colcon.colcon_core.shell:Skip shell extension 'dsv' for command environment
[1.352s] INFO:colcon.colcon_core.task.python.build:Building Python package in '/home/hachem22/ros2_ws/src/my_robot_controller'
[1.352s] INFO:colcon.colcon_core.shell:Skip shell extension 'powershell' for command environment: Not usable outside of PowerShell
[1.352s] DEBUG:colcon.colcon_core.shell:Skip shell extension 'dsv' for command environment
[1.974s] DEBUG:colcon.colcon_core.event_handler.log_command:Invoking command in '/home/hachem22/ros2_ws/src/my_robot_controller/build/my_robot_controller': PYTHONPATH=/home/hachem22/ros2_ws/src/my_robot_controller/build/my_robot_controller/prefix_override:/usr/lib/python3/dist-packages/colcon_core/task/python/colcon_distutils_commands:/home/hachem22/ros2_ws/src/my_robot_controller/install/my_robot_controller/lib/python3.10/site-packages:${PYTHONPATH} /usr/bin/python3 -W ignore:setup.py install is deprecated -W ignore:easy_install command is deprecated setup.py develop --editable --build-directory /home/hachem22/ros2_ws/src/my_robot_controller/build/my_robot_controller/build --no-deps symlink_data
[2.662s] Level 1:colcon.colcon_core.shell:create_environment_hook('my_robot_controller', 'pythonpath_develop')
[2.663s] DEBUG:colcon.colcon_core.event_handler.log_command:Invoked command in '/home/hachem22/ros2_ws/src/my_robot_controller/build/my_robot_controller' returned '0': PYTHONPATH=/home/hachem22/ros2_ws/src/my_robot_controller/build/my_robot_controller/prefix_override:/usr/lib/python3/dist-packages/colcon_core/task/python/colcon_distutils_commands:/home/hachem22/ros2_ws/src/my_robot_controller/install/my_robot_controller/lib/python3.10/site-packages:${PYTHONPATH} /usr/bin/python3 -W ignore:setup.py install is deprecated -W ignore:easy_install command is deprecated setup.py develop --editable --build-directory /home/hachem22/ros2_ws/src/my_robot_controller/build/my_robot_controller/build --no-deps symlink_data
[2.663s] INFO:colcon.colcon_core.shell:Creating environment hook '/home/hachem22/ros2_ws/src/my_robot_controller/build/my_robot_controller/share/my_robot_controller/hook/pythonpath_develop.ps1'
[2.665s] INFO:colcon.colcon_core.shell:Creating environment descriptor '/home/hachem22/ros2_ws/src/my_robot_controller/build/my_robot_controller/share/my_robot_controller/hook/pythonpath_develop.dsv'
[2.666s] INFO:colcon.colcon_core.shell:Creating environment hook '/home/hachem22/ros2_ws/src/my_robot_controller/build/my_robot_controller/share/my_robot_controller/hook/pythonpath_develop.sh'
[2.672s] Level 1:colcon.colcon_core.environment:checking '/home/hachem22/ros2_ws/src/my_robot_controller/install/my_robot_controller' for CMake module files
[2.673s] Level 1:colcon.colcon_core.environment:checking '/home/hachem22/ros2_ws/src/my_robot_controller/install/my_robot_controller' for CMake config files
[2.674s] Level 1:colcon.colcon_core.environment:checking '/home/hachem22/ros2_ws/src/my_robot_controller/install/my_robot_controller/lib'
[2.674s] Level 1:colcon.colcon_core.environment:checking '/home/hachem22/ros2_ws/src/my_robot_controller/install/my_robot_controller/bin'
[2.674s] Level 1:colcon.colcon_core.environment:checking '/home/hachem22/ros2_ws/src/my_robot_controller/install/my_robot_controller/lib/pkgconfig/my_robot_controller.pc'
[2.675s] Level 1:colcon.colcon_core.environment:checking '/home/hachem22/ros2_ws/src/my_robot_controller/install/my_robot_controller/lib/python3.10/site-packages'
[2.675s] Level 1:colcon.colcon_core.shell:create_environment_hook('my_robot_controller', 'pythonpath')
[2.675s] INFO:colcon.colcon_core.shell:Creating environment hook '/home/hachem22/ros2_ws/src/my_robot_controller/install/my_robot_controller/share/my_robot_controller/hook/pythonpath.ps1'
[2.676s] INFO:colcon.colcon_core.shell:Creating environment descriptor '/home/hachem22/ros2_ws/src/my_robot_controller/install/my_robot_controller/share/my_robot_controller/hook/pythonpath.dsv'
[2.676s] INFO:colcon.colcon_core.shell:Creating environment hook '/home/hachem22/ros2_ws/src/my_robot_controller/install/my_robot_controller/share/my_robot_controller/hook/pythonpath.sh'
[2.677s] Level 1:colcon.colcon_core.environment:checking '/home/hachem22/ros2_ws/src/my_robot_controller/install/my_robot_controller/bin'
[2.677s] Level 1:colcon.colcon_core.environment:create_environment_scripts_only(my_robot_controller)
[2.678s] INFO:colcon.colcon_core.shell:Creating package script '/home/hachem22/ros2_ws/src/my_robot_controller/install/my_robot_controller/share/my_robot_controller/package.ps1'
[2.679s] INFO:colcon.colcon_core.shell:Creating package descriptor '/home/hachem22/ros2_ws/src/my_robot_controller/install/my_robot_controller/share/my_robot_controller/package.dsv'
[2.680s] INFO:colcon.colcon_core.shell:Creating package script '/home/hachem22/ros2_ws/src/my_robot_controller/install/my_robot_controller/share/my_robot_controller/package.sh'
[2.681s] INFO:colcon.colcon_core.shell:Creating package script '/home/hachem22/ros2_ws/src/my_robot_controller/install/my_robot_controller/share/my_robot_controller/package.bash'
[2.682s] INFO:colcon.colcon_core.shell:Creating package script '/home/hachem22/ros2_ws/src/my_robot_controller/install/my_robot_controller/share/my_robot_controller/package.zsh'
[2.684s] Level 1:colcon.colcon_core.environment:create_file_with_runtime_dependencies(/home/hachem22/ros2_ws/src/my_robot_controller/install/my_robot_controller/share/colcon-core/packages/my_robot_controller)
[2.685s] DEBUG:colcon.colcon_parallel_executor.executor.parallel:closing loop
[2.686s] DEBUG:colcon.colcon_parallel_executor.executor.parallel:loop closed
[2.686s] DEBUG:colcon.colcon_parallel_executor.executor.parallel:run_until_complete finished with '0'
[2.687s] DEBUG:colcon.colcon_core.event_reactor:joining thread
[2.810s] INFO:colcon.colcon_core.plugin_system:Skipping extension 'colcon_notification.desktop_notification.notify_send': Could not find 'notify-send'
[2.811s] INFO:colcon.colcon_core.plugin_system:Skipping extension 'colcon_notification.desktop_notification.terminal_notifier': Not used on non-Darwin systems
[2.811s] INFO:colcon.colcon_core.plugin_system:Skipping extension 'colcon_notification.desktop_notification.win32': Not used on non-Windows systems
[2.811s] INFO:colcon.colcon_notification.desktop_notification:Sending desktop notification using 'notify2'
[2.816s] DEBUG:colcon.colcon_notification.desktop_notification.notify2:Failed to initialize notify2: org.freedesktop.DBus.Error.ServiceUnknown: The name org.freedesktop.Notifications was not provided by any .service files
[2.816s] DEBUG:colcon.colcon_core.event_reactor:joined thread
[2.817s] INFO:colcon.colcon_core.shell:Creating prefix script '/home/hachem22/ros2_ws/src/my_robot_controller/install/local_setup.ps1'
[2.818s] INFO:colcon.colcon_core.shell:Creating prefix util module '/home/hachem22/ros2_ws/src/my_robot_controller/install/_local_setup_util_ps1.py'
[2.821s] INFO:colcon.colcon_core.shell:Creating prefix chain script '/home/hachem22/ros2_ws/src/my_robot_controller/install/setup.ps1'
[2.824s] INFO:colcon.colcon_core.shell:Creating prefix script '/home/hachem22/ros2_ws/src/my_robot_controller/install/local_setup.sh'
[2.825s] INFO:colcon.colcon_core.shell:Creating prefix util module '/home/hachem22/ros2_ws/src/my_robot_controller/install/_local_setup_util_sh.py'
[2.826s] INFO:colcon.colcon_core.shell:Creating prefix chain script '/home/hachem22/ros2_ws/src/my_robot_controller/install/setup.sh'
[2.829s] INFO:colcon.colcon_core.shell:Creating prefix script '/home/hachem22/ros2_ws/src/my_robot_controller/install/local_setup.bash'
[2.831s] INFO:colcon.colcon_core.shell:Creating prefix chain script '/home/hachem22/ros2_ws/src/my_robot_controller/install/setup.bash'
[2.833s] INFO:colcon.colcon_core.shell:Creating prefix script '/home/hachem22/ros2_ws/src/my_robot_controller/install/local_setup.zsh'
[2.836s] INFO:colcon.colcon_core.shell:Creating prefix chain script '/home/hachem22/ros2_ws/src/my_robot_controller/install/setup.zsh'
